<?xml version="1.0" encoding="UTF-8"?>
<!-- Generated by org.testng.reporters.JUnitXMLReporter -->
<testsuite hostname="DESKTOP-HHE1NP3" ignored="0" name="Test" tests="4" failures="0" timestamp="02 Aug 2019 01:36:17 GMT" time="0.109" errors="0">
  <testcase name="dologin" time="0.02" classname="Retry.Testlogin"/>
  <testcase name="registeruser" time="0.005" classname="Retry.Testlogin">
    <skipped/>
  </testcase> <!-- registeruser -->
  <testcase name="registeruser" time="0.0" classname="Retry.Testlogin">
    <skipped/>
  </testcase> <!-- registeruser -->
  <testcase name="registeruser" time="0.003" classname="Retry.Testlogin"/>
</testsuite> <!-- Test -->
