<?xml version="1.0" encoding="UTF-8"?>
<!-- Generated by org.testng.reporters.JUnitXMLReporter -->
<testsuite hostname="DESKTOP-HHE1NP3" ignored="6" name="validartion" tests="1" failures="0" timestamp="21 Jul 2019 15:45:24 GMT" time="0.023" errors="0">
  <testcase name="thridtest" time="0.0" classname="Testcases.Testcase3"/>
  <testcase name="DOuserreg" time="0.0" classname="Testcases.TestCase1">
    <ignored/>
  </testcase> <!-- DOuserreg -->
  <testcase name="login2" time="0.0" classname="Testcases.Testcase3">
    <ignored/>
  </testcase> <!-- login2 -->
  <testcase name="login" time="0.0" classname="Testcases.Testcase3">
    <ignored/>
  </testcase> <!-- login -->
  <testcase name="Validatetitle" time="0.0" classname="Testcases.TestCase2">
    <ignored/>
  </testcase> <!-- Validatetitle -->
  <testcase name="userreg" time="0.0" classname="Testcases.Testcase3">
    <ignored/>
  </testcase> <!-- userreg -->
  <testcase name="dologin" time="0.0" classname="Testcases.TestCase1">
    <ignored/>
  </testcase> <!-- dologin -->
</testsuite> <!-- validartion -->
