<?xml version="1.0" encoding="UTF-8"?>
<testng-results skipped="0" failed="0" ignored="0" total="1" passed="1">
  <reporter-output>
    <line>
      <![CDATA[Enter Text 'sbhinge' for Element : By.name: userName]]>
    </line>
    <line>
      <![CDATA[Enter Text 'sbhinge' for Element : By.name: password]]>
    </line>
    <line>
      <![CDATA[Element information = By.name: login]]>
    </line>
  </reporter-output>
  <suite name="Default suite" duration-ms="45354" started-at="2020-04-19T15:31:41Z" finished-at="2020-04-19T15:32:26Z">
    <groups>
    </groups>
    <test name="Default test" duration-ms="45354" started-at="2020-04-19T15:31:41Z" finished-at="2020-04-19T15:32:26Z">
      <class name="com.flightautomation.page.LoginPage">
        <test-method status="PASS" signature="browserOpen()[pri:0, instance:com.flightautomation.page.LoginPage@41fbdac4]" name="browserOpen" is-config="true" duration-ms="7241" started-at="2020-04-19T15:31:41Z" finished-at="2020-04-19T15:31:48Z">
          <reporter-output>
          </reporter-output>
        </test-method> <!-- browserOpen -->
        <test-method status="PASS" signature="loginToFlightApplication()[pri:0, instance:com.flightautomation.page.LoginPage@41fbdac4]" name="loginToFlightApplication" duration-ms="37860" started-at="2020-04-19T15:31:48Z" finished-at="2020-04-19T15:32:26Z">
          <reporter-output>
            <line>
              <![CDATA[Enter Text 'sbhinge' for Element : By.name: userName]]>
            </line>
            <line>
              <![CDATA[Enter Text 'sbhinge' for Element : By.name: password]]>
            </line>
            <line>
              <![CDATA[Element information = By.name: login]]>
            </line>
          </reporter-output>
        </test-method> <!-- loginToFlightApplication -->
        <test-method status="PASS" signature="browserClose()[pri:0, instance:com.flightautomation.page.LoginPage@41fbdac4]" name="browserClose" is-config="true" duration-ms="200" started-at="2020-04-19T15:32:26Z" finished-at="2020-04-19T15:32:26Z">
          <reporter-output>
          </reporter-output>
        </test-method> <!-- browserClose -->
      </class> <!-- com.flightautomation.page.LoginPage -->
    </test> <!-- Default test -->
  </suite> <!-- Default suite -->
</testng-results>
