<?xml version="1.0" encoding="UTF-8"?>
<testng-results skipped="0" failed="0" ignored="0" total="2" passed="2">
  <reporter-output>
  </reporter-output>
  <suite name="Default suite" duration-ms="10635" started-at="2017-12-05T03:04:49Z" finished-at="2017-12-05T03:04:59Z">
    <groups>
    </groups>
    <test name="Default test" duration-ms="10635" started-at="2017-12-05T03:04:49Z" finished-at="2017-12-05T03:04:59Z">
      <class name="ToGetRequest.GetData">
        <test-method status="PASS" signature="testResponce()[pri:0, instance:ToGetRequest.GetData@396a51ab]" name="testResponce" duration-ms="9985" started-at="2017-12-04T22:04:49Z" finished-at="2017-12-04T22:04:59Z">
          <reporter-output>
          </reporter-output>
        </test-method> <!-- testResponce -->
        <test-method status="PASS" signature="testbody()[pri:0, instance:ToGetRequest.GetData@396a51ab]" name="testbody" duration-ms="518" started-at="2017-12-04T22:04:59Z" finished-at="2017-12-04T22:04:59Z">
          <reporter-output>
          </reporter-output>
        </test-method> <!-- testbody -->
      </class> <!-- ToGetRequest.GetData -->
    </test> <!-- Default test -->
  </suite> <!-- Default suite -->
</testng-results>
