<?xml version="1.0" encoding="UTF-8"?>
<!-- Generated by org.testng.reporters.JUnitXMLReporter -->
<testsuite hostname="DESKTOP-HHE1NP3" ignored="0" name="Default test" tests="3" failures="0" timestamp="07 Aug 2019 01:25:55 GMT" time="0.067" errors="0">
  <testcase name="dologin" time="0.013" classname="Parametrization.MutltipleDataProvider"/>
  <testcase name="dologin" time="0.002" classname="Parametrization.MutltipleDataProvider"/>
  <testcase name="dologin" time="0.002" classname="Parametrization.MutltipleDataProvider"/>
</testsuite> <!-- Default test -->
